<?xml version="1.0" encoding="UTF-8"?>
<robot generator="Robot 4.1.1 (Python 3.9.7 on win32)" generated="20211027 14:08:21.435" rpa="false" schemaversion="2">
<suite id="s1" name="T MD Warehouse Test" source="F:\WORK\Stash\Zid_Automation_Framework\Tests\MD\T_MD_Warehouse_Test.robot">
<test id="s1-t1" name="DeleteWareHouse Test">
<kw name="Start WebTest" library="Common" type="SETUP">
<kw name="Open Browser" library="SeleniumLibrary">
<arg>about:blank</arg>
<arg>${BROWSER}</arg>
<doc>Opens a new browser instance to the optional ``url``.</doc>
<msg timestamp="20211027 14:08:21.601" level="INFO">Opening browser 'chrome' to base url 'about:blank'.</msg>
<status status="PASS" starttime="20211027 14:08:21.601" endtime="20211027 14:08:22.892"/>
</kw>
<kw name="Maximize Browser Window" library="SeleniumLibrary">
<doc>Maximizes current browser window.</doc>
<status status="PASS" starttime="20211027 14:08:22.892" endtime="20211027 14:08:23.013"/>
</kw>
<status status="PASS" starttime="20211027 14:08:21.601" endtime="20211027 14:08:23.013"/>
</kw>
<kw name="LoginToMD" library="P_MD_Login">
<kw name="GoTo MD LoginPage" library="P_MD_Login">
<kw name="Go To" library="SeleniumLibrary">
<arg>${MD_STAGING_URL}</arg>
<doc>Navigates the current browser window to the provided ``url``.</doc>
<msg timestamp="20211027 14:08:23.015" level="INFO">Opening url 'https://staging-web.zid.sa/login'</msg>
<status status="PASS" starttime="20211027 14:08:23.014" endtime="20211027 14:08:24.659"/>
</kw>
<status status="PASS" starttime="20211027 14:08:23.014" endtime="20211027 14:08:24.659"/>
</kw>
<kw name="Enter Email" library="P_MD_Login">
<kw name="Wait Until Element Is Visible" library="SeleniumLibrary">
<arg>${EMAIL_FIELD}</arg>
<doc>Waits until the element ``locator`` is visible.</doc>
<status status="PASS" starttime="20211027 14:08:24.659" endtime="20211027 14:08:24.681"/>
</kw>
<kw name="Input Text" library="SeleniumLibrary">
<arg>${EMAIL_FIELD}</arg>
<arg>${EMAIL}</arg>
<doc>Types the given ``text`` into the text field identified by ``locator``.</doc>
<msg timestamp="20211027 14:08:24.681" level="INFO">Typing text 'sibog38128@forfity.com' into text field 'email'.</msg>
<status status="PASS" starttime="20211027 14:08:24.681" endtime="20211027 14:08:24.749"/>
</kw>
<status status="PASS" starttime="20211027 14:08:24.659" endtime="20211027 14:08:24.749"/>
</kw>
<kw name="Enter Password" library="P_MD_Login">
<kw name="Wait Until Element Is Visible" library="SeleniumLibrary">
<arg>${PASSOWRD_FIELD}</arg>
<doc>Waits until the element ``locator`` is visible.</doc>
<status status="PASS" starttime="20211027 14:08:24.749" endtime="20211027 14:08:24.765"/>
</kw>
<kw name="Input Text" library="SeleniumLibrary">
<arg>${PASSOWRD_FIELD}</arg>
<arg>${PASSWORD}</arg>
<doc>Types the given ``text`` into the text field identified by ``locator``.</doc>
<msg timestamp="20211027 14:08:24.766" level="INFO">Typing text '12345678' into text field 'password'.</msg>
<status status="PASS" starttime="20211027 14:08:24.766" endtime="20211027 14:08:24.824"/>
</kw>
<status status="PASS" starttime="20211027 14:08:24.749" endtime="20211027 14:08:24.825"/>
</kw>
<kw name="Click Login" library="P_MD_Login">
<kw name="Click Button" library="SeleniumLibrary">
<arg>${LOGIN_BTN}</arg>
<doc>Clicks the button identified by ``locator``.</doc>
<msg timestamp="20211027 14:08:24.825" level="INFO">Clicking button 'xpath=//*[@id="form-login"]/button'.</msg>
<status status="PASS" starttime="20211027 14:08:24.825" endtime="20211027 14:08:26.308"/>
</kw>
<status status="PASS" starttime="20211027 14:08:24.825" endtime="20211027 14:08:26.308"/>
</kw>
<status status="PASS" starttime="20211027 14:08:23.014" endtime="20211027 14:08:26.308"/>
</kw>
<kw name="GoTo SettingsPage" library="P_MD_SideMenu">
<kw name="Wait Until Element Is Visible" library="SeleniumLibrary">
<arg>${MD_SideMenu_Settings_BTN}</arg>
<doc>Waits until the element ``locator`` is visible.</doc>
<status status="PASS" starttime="20211027 14:08:26.309" endtime="20211027 14:08:26.418"/>
</kw>
<kw name="Click Link" library="SeleniumLibrary">
<arg>${MD_SideMenu_Settings_BTN}</arg>
<doc>Clicks a link identified by ``locator``.</doc>
<msg timestamp="20211027 14:08:26.418" level="INFO">Clicking link 'xpath= //a[./span='الإعدادات']'.</msg>
<status status="PASS" starttime="20211027 14:08:26.418" endtime="20211027 14:08:30.739"/>
</kw>
<status status="PASS" starttime="20211027 14:08:26.309" endtime="20211027 14:08:30.739"/>
</kw>
<kw name="GoTo WarehousePage" library="P_MD_Warehouse">
<kw name="Wait Until Element Is Visible" library="SeleniumLibrary">
<arg>${MD_SideMenu_Settings_Warehouse_BTN}</arg>
<doc>Waits until the element ``locator`` is visible.</doc>
<status status="PASS" starttime="20211027 14:08:30.740" endtime="20211027 14:08:30.764"/>
</kw>
<kw name="Click Link" library="SeleniumLibrary">
<arg>${MD_SideMenu_Settings_Warehouse_BTN}</arg>
<doc>Clicks a link identified by ``locator``.</doc>
<msg timestamp="20211027 14:08:30.765" level="INFO">Clicking link 'xpath=//*[@href="/account/settings/stock-addresses"]'.</msg>
<status status="PASS" starttime="20211027 14:08:30.765" endtime="20211027 14:08:32.466"/>
</kw>
<status status="PASS" starttime="20211027 14:08:30.740" endtime="20211027 14:08:32.466"/>
</kw>
<kw name="Delete WareHouse" library="P_MD_Warehouse">
<arg>WH2</arg>
<kw name="Wait Until Element Is Visible" library="SeleniumLibrary">
<arg>xpath=//tr[descendant::a[text() = '${WarehouseName}']]//button</arg>
<doc>Waits until the element ``locator`` is visible.</doc>
<status status="PASS" starttime="20211027 14:08:32.467" endtime="20211027 14:08:32.483"/>
</kw>
<kw name="Click Element" library="SeleniumLibrary">
<arg>xpath=//tr[descendant::a[text() = '${WarehouseName}']]//button</arg>
<doc>Click the element identified by ``locator``.</doc>
<msg timestamp="20211027 14:08:32.483" level="INFO">Clicking element 'xpath=//tr[descendant::a[text() = 'WH2']]//button'.</msg>
<status status="PASS" starttime="20211027 14:08:32.483" endtime="20211027 14:08:32.518"/>
</kw>
<kw name="Wait Until Element Is Visible" library="SeleniumLibrary">
<arg>xpath=//tr[descendant::a[text() = '${WarehouseName}']]//a[contains(@class , 'dropdown-item delete_inventory_btn')]</arg>
<doc>Waits until the element ``locator`` is visible.</doc>
<status status="PASS" starttime="20211027 14:08:32.518" endtime="20211027 14:08:32.533"/>
</kw>
<kw name="Click Element" library="SeleniumLibrary">
<arg>xpath=//tr[descendant::a[text() = '${WarehouseName}']]//a[contains(@class , 'dropdown-item delete_inventory_btn')]</arg>
<doc>Click the element identified by ``locator``.</doc>
<msg timestamp="20211027 14:08:32.535" level="INFO">Clicking element 'xpath=//tr[descendant::a[text() = 'WH2']]//a[contains(@class , 'dropdown-item delete_inventory_btn')]'.</msg>
<status status="PASS" starttime="20211027 14:08:32.533" endtime="20211027 14:08:32.600"/>
</kw>
<kw name="Wait Until Element Is Visible" library="SeleniumLibrary">
<arg>xpath=//button[contains(text(),'حذف')]</arg>
<doc>Waits until the element ``locator`` is visible.</doc>
<status status="PASS" starttime="20211027 14:08:32.600" endtime="20211027 14:08:32.616"/>
</kw>
<kw name="Click Button" library="SeleniumLibrary">
<arg>xpath=//button[contains(text(),'حذف')]</arg>
<doc>Clicks the button identified by ``locator``.</doc>
<msg timestamp="20211027 14:08:32.617" level="INFO">Clicking button 'xpath=//button[contains(text(),'حذف')]'.</msg>
<status status="PASS" starttime="20211027 14:08:32.617" endtime="20211027 14:08:32.665"/>
</kw>
<kw name="Wait Until Element Is Visible" library="SeleniumLibrary">
<arg>xpath=//button[contains(text(),'حذف')]</arg>
<doc>Waits until the element ``locator`` is visible.</doc>
<status status="PASS" starttime="20211027 14:08:32.665" endtime="20211027 14:08:32.678"/>
</kw>
<kw name="Click Button" library="SeleniumLibrary">
<arg>xpath=//button[contains(text(),'حذف')]</arg>
<doc>Clicks the button identified by ``locator``.</doc>
<msg timestamp="20211027 14:08:32.679" level="INFO">Clicking button 'xpath=//button[contains(text(),'حذف')]'.</msg>
<status status="PASS" starttime="20211027 14:08:32.679" endtime="20211027 14:08:32.713"/>
</kw>
<status status="PASS" starttime="20211027 14:08:32.466" endtime="20211027 14:08:32.713"/>
</kw>
<kw name="Sleep" library="BuiltIn">
<arg>5s</arg>
<doc>Pauses the test executed for the given time.</doc>
<msg timestamp="20211027 14:08:37.723" level="INFO">Slept 5 seconds</msg>
<status status="PASS" starttime="20211027 14:08:32.713" endtime="20211027 14:08:37.724"/>
</kw>
<kw name="End WebTest" library="Common" type="TEARDOWN">
<kw name="Close Browser" library="SeleniumLibrary">
<doc>Closes the current browser.</doc>
<status status="PASS" starttime="20211027 14:08:37.725" endtime="20211027 14:08:39.834"/>
</kw>
<status status="PASS" starttime="20211027 14:08:37.724" endtime="20211027 14:08:39.835"/>
</kw>
<status status="PASS" starttime="20211027 14:08:21.600" endtime="20211027 14:08:39.835"/>
</test>
<status status="PASS" starttime="20211027 14:08:21.436" endtime="20211027 14:08:39.837"/>
</suite>
<statistics>
<total>
<stat pass="1" fail="0" skip="0">All Tests</stat>
</total>
<tag>
</tag>
<suite>
<stat pass="1" fail="0" skip="0" id="s1" name="T MD Warehouse Test">T MD Warehouse Test</stat>
</suite>
</statistics>
<errors>
</errors>
</robot>
